<?xml version="1.0" encoding="UTF-8"?>
<!-- Generated by org.testng.reporters.JUnitReportReporter -->
<testsuite skipped="0" hostname="VAIO" name="com.test.InvocationCountTest" tests="10" failures="0" timestamp="07 Feb 2019 11:49:49 GMT" time="0.040" errors="0">
  <testcase name="sum" time="0.005" classname="com.test.InvocationCountTest"/>
  <testcase name="sum" time="0.005" classname="com.test.InvocationCountTest"/>
  <testcase name="sum" time="0.005" classname="com.test.InvocationCountTest"/>
  <testcase name="sum" time="0.005" classname="com.test.InvocationCountTest"/>
  <testcase name="sum" time="0.005" classname="com.test.InvocationCountTest"/>
  <testcase name="sum" time="0.005" classname="com.test.InvocationCountTest"/>
  <testcase name="sum" time="0.000" classname="com.test.InvocationCountTest"/>
  <testcase name="sum" time="0.000" classname="com.test.InvocationCountTest"/>
  <testcase name="sum" time="0.005" classname="com.test.InvocationCountTest"/>
  <testcase name="sum" time="0.005" classname="com.test.InvocationCountTest"/>
</testsuite> <!-- com.test.InvocationCountTest -->
