<?xml version="1.0" encoding="UTF-8"?>
<!-- Generated by org.testng.reporters.JUnitReportReporter -->
<testsuite skipped="0" hostname="VAIO" name="com.test.TestNGBasics" tests="3" failures="0" timestamp="07 Feb 2019 11:49:49 GMT" time="0.020" errors="0">
  <testcase name="googleSearchTest" time="0.005" classname="com.test.TestNGBasics"/>
  <testcase name="googleTitleTest" time="0.005" classname="com.test.TestNGBasics"/>
  <testcase name="googleLogoTest" time="0.010" classname="com.test.TestNGBasics"/>
</testsuite> <!-- com.test.TestNGBasics -->
