<?xml version="1.0" encoding="UTF-8"?>
<!-- Generated by org.testng.reporters.JUnitReportReporter -->
<testsuite skipped="0" hostname="VAIO" name="com.test.GoogleTest" tests="3" failures="0" timestamp="07 Feb 2019 11:49:49 GMT" time="56.117" errors="0">
  <testcase name="googleTestTitle" time="13.262" classname="com.test.GoogleTest"/>
  <testcase name="googlelogoTest" time="28.197" classname="com.test.GoogleTest"/>
  <testcase name="mailLinkTest" time="14.658" classname="com.test.GoogleTest"/>
</testsuite> <!-- com.test.GoogleTest -->
